#
# There is insufficient memory for the Java Runtime Environment to continue.
# Native memory allocation (malloc) failed to allocate 1059856 bytes for Chunk::new
# Possible reasons:
#   The system is out of physical RAM or swap space
#   The process is running with CompressedOops enabled, and the Java Heap may be blocking the growth of the native heap
# Possible solutions:
#   Reduce memory load on the system
#   Increase physical memory or swap space
#   Check if swap backing store is full
#   Decrease Java heap size (-Xmx/-Xms)
#   Decrease number of Java threads
#   Decrease Java thread stack sizes (-Xss)
#   Set larger code cache with -XX:ReservedCodeCacheSize=
#   JVM is running with Zero Based Compressed Oops mode in which the Java heap is
#     placed in the first 32GB address space. The Java Heap base address is the
#     maximum limit for the native heap growth. Please use -XX:HeapBaseMinAddress
#     to set the Java Heap base and to place the Java Heap above 32GB virtual address.
# This output file may be truncated or incomplete.
#
#  Out of Memory Error (./src/hotspot/share/memory/arena.cpp:197), pid=6496, tid=40036
#
# JRE version: OpenJDK Runtime Environment Temurin-11.0.14.1+1 (11.0.14.1+1) (build 11.0.14.1+1)
# Java VM: OpenJDK 64-Bit Server VM Temurin-11.0.14.1+1 (11.0.14.1+1, mixed mode, tiered, compressed oops, g1 gc, windows-amd64)
# No core dump will be written. Minidumps are not enabled by default on client versions of Windows
#

---------------  S U M M A R Y ------------

Command Line: -Dcom.android.sdklib.toolsdir=C:\Program Files\Unity\Hub\Editor\2023.2.2f1\Editor\Data\PlaybackEngines\AndroidPlayer\SDK\cmdline-tools\6.0\bin\\.. com.android.sdklib.tool.sdkmanager.SdkManagerCli --list

Host: 12th Gen Intel(R) Core(TM) i7-12700, 20 cores, 31G,  Windows 11 , 64 bit Build 22621 (10.0.22621.2506)
Time: Wed Dec  6 15:42:51 2023 Malay Peninsula Standard Time elapsed time: 1.125196 seconds (0d 0h 0m 1s)

---------------  T H R E A D  ---------------

Current thread (0x000002425a52c000):  JavaThread "C2 CompilerThread6" daemon [_thread_in_native, id=40036, stack(0x0000004878e00000,0x0000004878f00000)]


Current CompileTask:
C2:   1125 2397       4       sun.security.util.AbstractAlgorithmConstraints::checkAlgorithm (87 bytes)

Stack: [0x0000004878e00000,0x0000004878f00000]
Native frames: (J=compiled Java code, j=interpreted, Vv=VM code, C=native code)
V  [jvm.dll+0x61e59a]
V  [jvm.dll+0x7aaca9]
V  [jvm.dll+0x7ac398]
V  [jvm.dll+0x7aca73]
V  [jvm.dll+0x24f9b8]
V  [jvm.dll+0xc260c]
V  [jvm.dll+0xc2bcc]
V  [jvm.dll+0x2c1884]
V  [jvm.dll+0x52d899]
V  [jvm.dll+0x210fcd]
V  [jvm.dll+0x20ac34]
V  [jvm.dll+0x207ccb]
V  [jvm.dll+0x18a2c1]
V  [jvm.dll+0x217734]
V  [jvm.dll+0x21597b]
V  [jvm.dll+0x76d7c0]
V  [jvm.dll+0x766724]
V  [jvm.dll+0x61d3f6]
C  [ucrtbase.dll+0x29363]
C  [KERNEL32.DLL+0x1257d]
C  [ntdll.dll+0x5aa58]


---------------  P R O C E S S  ---------------

Threads class SMR info:
_java_thread_list=0x000002425a3c6960, length=35, elements={
0x000002422a35b800, 0x0000024259042800, 0x000002425900d000, 0x000002425909e800,
0x00000242590a0800, 0x0000024259047800, 0x000002425904a800, 0x000002425904d800,
0x00000242590af000, 0x00000242591d7000, 0x000002425923b000, 0x000002425988c800,
0x000002425988d800, 0x000002425a3b6800, 0x000002425a39b800, 0x000002425a3e2000,
0x000002425a59d800, 0x000002425a621800, 0x000002425a698800, 0x000002425a3d4000,
0x000002425a3d5000, 0x000002425a673800, 0x000002425a3c7800, 0x000002425a5ee800,
0x000002425a5ef000, 0x000002425a5f0000, 0x000002425a5ea800, 0x000002425a5ed800,
0x000002425a5f1000, 0x000002425a5ed000, 0x000002425a7c3800, 0x000002425a52a800,
0x000002425a52b800, 0x000002425a52c000, 0x000002425a7c1000
}

Java Threads: ( => current thread )
  0x000002422a35b800 JavaThread "main" [_thread_in_Java, id=48412, stack(0x0000004875300000,0x0000004875400000)]
  0x0000024259042800 JavaThread "Reference Handler" daemon [_thread_blocked, id=32280, stack(0x0000004875a00000,0x0000004875b00000)]
  0x000002425900d000 JavaThread "Finalizer" daemon [_thread_blocked, id=44204, stack(0x0000004875b00000,0x0000004875c00000)]
  0x000002425909e800 JavaThread "Signal Dispatcher" daemon [_thread_blocked, id=3560, stack(0x0000004875c00000,0x0000004875d00000)]
  0x00000242590a0800 JavaThread "Attach Listener" daemon [_thread_blocked, id=46412, stack(0x0000004875d00000,0x0000004875e00000)]
  0x0000024259047800 JavaThread "Service Thread" daemon [_thread_blocked, id=48328, stack(0x0000004875e00000,0x0000004875f00000)]
  0x000002425904a800 JavaThread "C2 CompilerThread0" daemon [_thread_in_native, id=49072, stack(0x0000004875f00000,0x0000004876000000)]
  0x000002425904d800 JavaThread "C1 CompilerThread0" daemon [_thread_in_native, id=43904, stack(0x0000004876000000,0x0000004876100000)]
  0x00000242590af000 JavaThread "Sweeper thread" daemon [_thread_blocked, id=46368, stack(0x0000004876100000,0x0000004876200000)]
  0x00000242591d7000 JavaThread "C1 CompilerThread1" daemon [_thread_in_native, id=40108, stack(0x0000004876200000,0x0000004876300000)]
  0x000002425923b000 JavaThread "Common-Cleaner" daemon [_thread_blocked, id=43552, stack(0x0000004876400000,0x0000004876500000)]
  0x000002425988c800 JavaThread "C1 CompilerThread2" daemon [_thread_in_native, id=42940, stack(0x0000004876600000,0x0000004876700000)]
  0x000002425988d800 JavaThread "C1 CompilerThread3" daemon [_thread_in_native, id=47932, stack(0x0000004876700000,0x0000004876800000)]
  0x000002425a3b6800 JavaThread "C2 CompilerThread1" daemon [_thread_in_native, id=45928, stack(0x0000004876500000,0x0000004876600000)]
  0x000002425a39b800 JavaThread "C2 CompilerThread2" daemon [_thread_in_native, id=38608, stack(0x0000004876800000,0x0000004876900000)]
  0x000002425a3e2000 JavaThread "Keep-Alive-Timer" daemon [_thread_blocked, id=45804, stack(0x0000004877700000,0x0000004877800000)]
  0x000002425a59d800 JavaThread "pool-1-thread-1" [_thread_blocked, id=39620, stack(0x0000004877800000,0x0000004877900000)]
  0x000002425a621800 JavaThread "pool-1-thread-2" [_thread_blocked, id=36168, stack(0x0000004877900000,0x0000004877a00000)]
  0x000002425a698800 JavaThread "pool-1-thread-3" [_thread_in_native, id=46092, stack(0x0000004877a00000,0x0000004877b00000)]
  0x000002425a3d4000 JavaThread "pool-1-thread-4" [_thread_in_vm, id=46868, stack(0x0000004877b00000,0x0000004877c00000)]
  0x000002425a3d5000 JavaThread "pool-1-thread-5" [_thread_blocked, id=42856, stack(0x0000004877c00000,0x0000004877d00000)]
  0x000002425a673800 JavaThread "pool-1-thread-8" [_thread_in_native, id=42484, stack(0x0000004877f00000,0x0000004878000000)]
  0x000002425a3c7800 JavaThread "pool-1-thread-10" [_thread_blocked, id=5936, stack(0x0000004878100000,0x0000004878200000)]
  0x000002425a5ee800 JavaThread "pool-1-thread-11" [_thread_in_native, id=48996, stack(0x0000004878200000,0x0000004878300000)]
  0x000002425a5ef000 JavaThread "pool-1-thread-12" [_thread_blocked, id=42752, stack(0x0000004878300000,0x0000004878400000)]
  0x000002425a5f0000 JavaThread "pool-1-thread-15" [_thread_in_Java, id=23744, stack(0x0000004878600000,0x0000004878700000)]
  0x000002425a5ea800 JavaThread "pool-1-thread-16" [_thread_in_native, id=43232, stack(0x0000004878700000,0x0000004878800000)]
  0x000002425a5ed800 JavaThread "pool-1-thread-17" [_thread_blocked, id=38028, stack(0x0000004878800000,0x0000004878900000)]
  0x000002425a5f1000 JavaThread "pool-1-thread-18" [_thread_blocked, id=42728, stack(0x0000004878900000,0x0000004878a00000)]
  0x000002425a5ed000 JavaThread "pool-1-thread-19" [_thread_in_native, id=36844, stack(0x0000004878a00000,0x0000004878b00000)]
  0x000002425a7c3800 JavaThread "C2 CompilerThread3" daemon [_thread_in_native, id=28096, stack(0x0000004878b00000,0x0000004878c00000)]
  0x000002425a52a800 JavaThread "C2 CompilerThread4" daemon [_thread_in_native, id=43852, stack(0x0000004878c00000,0x0000004878d00000)]
  0x000002425a52b800 JavaThread "C2 CompilerThread5" daemon [_thread_in_native, id=46224, stack(0x0000004878d00000,0x0000004878e00000)]
=>0x000002425a52c000 JavaThread "C2 CompilerThread6" daemon [_thread_in_native, id=40036, stack(0x0000004878e00000,0x0000004878f00000)]
  0x000002425a7c1000 JavaThread "C2 CompilerThread7" daemon [_thread_in_native, id=35040, stack(0x0000004878000000,0x0000004878100000)]

Other Threads:
  0x000002425900c000 VMThread "VM Thread" [stack: 0x0000004875900000,0x0000004875a00000] [id=42288]
  0x000002425922e800 WatcherThread [stack: 0x0000004876300000,0x0000004876400000] [id=45084]
  0x000002422a374800 GCTaskThread "GC Thread#0" [stack: 0x0000004875400000,0x0000004875500000] [id=34972]
  0x000002425a285000 GCTaskThread "GC Thread#1" [stack: 0x0000004876900000,0x0000004876a00000] [id=44944]
  0x000002425a285800 GCTaskThread "GC Thread#2" [stack: 0x0000004876a00000,0x0000004876b00000] [id=48252]
  0x000002425a31c800 GCTaskThread "GC Thread#3" [stack: 0x0000004876b00000,0x0000004876c00000] [id=27696]
  0x000002425a31d000 GCTaskThread "GC Thread#4" [stack: 0x0000004876c00000,0x0000004876d00000] [id=25216]
  0x000002425a2a2800 GCTaskThread "GC Thread#5" [stack: 0x0000004876d00000,0x0000004876e00000] [id=42192]
  0x000002425a2a7000 GCTaskThread "GC Thread#6" [stack: 0x0000004876e00000,0x0000004876f00000] [id=40388]
  0x000002425a2a7800 GCTaskThread "GC Thread#7" [stack: 0x0000004876f00000,0x0000004877000000] [id=36212]
  0x000002425a2a8800 GCTaskThread "GC Thread#8" [stack: 0x0000004877000000,0x0000004877100000] [id=47028]
  0x000002425a2a9000 GCTaskThread "GC Thread#9" [stack: 0x0000004877100000,0x0000004877200000] [id=35332]
  0x000002425a2be800 GCTaskThread "GC Thread#10" [stack: 0x0000004877200000,0x0000004877300000] [id=49084]
  0x000002425a2bf000 GCTaskThread "GC Thread#11" [stack: 0x0000004877300000,0x0000004877400000] [id=43912]
  0x000002422a3f8800 ConcurrentGCThread "G1 Main Marker" [stack: 0x0000004875500000,0x0000004875600000] [id=10328]
  0x000002422a3fa800 ConcurrentGCThread "G1 Conc#0" [stack: 0x0000004875600000,0x0000004875700000] [id=5868]
  0x000002425a32e000 ConcurrentGCThread "G1 Conc#1" [stack: 0x0000004877400000,0x0000004877500000] [id=47344]
  0x000002425a3e5800 ConcurrentGCThread "G1 Conc#2" [stack: 0x0000004877500000,0x0000004877600000] [id=46312]
  0x000002425a3e6800 ConcurrentGCThread "G1 Conc#3" [stack: 0x0000004877600000,0x0000004877700000] [id=47096]
  0x000002425833a800 ConcurrentGCThread "G1 Refine#0" [stack: 0x0000004875700000,0x0000004875800000] [id=43356]
  0x000002425833b800 ConcurrentGCThread "G1 Young RemSet Sampling" [stack: 0x0000004875800000,0x0000004875900000] [id=44648]

Threads with active compile tasks:
C2 CompilerThread0   1132 2427       4       java.util.regex.Pattern::split (290 bytes)
C1 CompilerThread0   1132 2758       3       java.lang.reflect.Executable::getDeclaredAnnotations (8 bytes)
C1 CompilerThread1   1133 2768       3       java.nio.HeapByteBuffer::<init> (29 bytes)
C1 CompilerThread2   1133 2773       3       com.sun.xml.bind.v2.model.annotation.RuntimeInlineAnnotationReader::getClassAnnotation (11 bytes)
C1 CompilerThread3   1133 2770       3       com.sun.crypto.provider.GaloisCounterMode::expandToOneBlock (65 bytes)
C2 CompilerThread1   1133 2408       4       java.util.regex.Matcher::<init> (95 bytes)
C2 CompilerThread2   1133 2410   !   4       java.util.regex.Pattern::matcher (44 bytes)
C2 CompilerThread3   1133 2766       4       java.lang.StringBuilder::toString (35 bytes)
C2 CompilerThread4   1133 2433       4       sun.security.util.AlgorithmDecomposer::decomposeImpl (128 bytes)
C2 CompilerThread5   1133 2396       4       java.util.AbstractCollection::addAll (42 bytes)
C2 CompilerThread6   1133 2397       4       sun.security.util.AbstractAlgorithmConstraints::checkAlgorithm (87 bytes)
C2 CompilerThread7   1133 2389       4       java.util.HashSet::iterator (13 bytes)

VM state:not at safepoint (normal execution)

VM Mutex/Monitor currently owned by a thread:  ([mutex/lock_event])
[0x000002422a358120] Threads_lock - owner thread: 0x0000000000000000

Heap address: 0x0000000604000000, size: 8128 MB, Compressed Oops mode: Zero based, Oop shift amount: 3
Narrow klass base: 0x0000000800000000, Narrow klass shift: 0
Compressed class space size: 1073741824 Address: 0x0000000800000000

Heap:
 garbage-first heap   total 520192K, used 47207K [0x0000000604000000, 0x0000000800000000)
  region size 2048K, 26 young (53248K), 4 survivors (8192K)
 Metaspace       used 24248K, capacity 24705K, committed 24880K, reserved 1071104K
  class space    used 2461K, capacity 2593K, committed 2688K, reserved 1048576K
Heap Regions: E=young(eden), S=young(survivor), O=old, HS=humongous(starts), HC=humongous(continues), CS=collection set, F=free, A=archive, TAMS=top-at-mark-start (previous, next)
|   0|0x0000000604000000, 0x0000000604000000, 0x0000000604200000|  0%| F|  |TAMS 0x0000000604000000, 0x0000000604000000| Untracked 
|   1|0x0000000604200000, 0x0000000604200000, 0x0000000604400000|  0%| F|  |TAMS 0x0000000604200000, 0x0000000604200000| Untracked 
|   2|0x0000000604400000, 0x0000000604400000, 0x0000000604600000|  0%| F|  |TAMS 0x0000000604400000, 0x0000000604400000| Untracked 
|   3|0x0000000604600000, 0x0000000604600000, 0x0000000604800000|  0%| F|  |TAMS 0x0000000604600000, 0x0000000604600000| Untracked 
|   4|0x0000000604800000, 0x0000000604800000, 0x0000000604a00000|  0%| F|  |TAMS 0x0000000604800000, 0x0000000604800000| Untracked 
|   5|0x0000000604a00000, 0x0000000604a00000, 0x0000000604c00000|  0%| F|  |TAMS 0x0000000604a00000, 0x0000000604a00000| Untracked 
|   6|0x0000000604c00000, 0x0000000604c00000, 0x0000000604e00000|  0%| F|  |TAMS 0x0000000604c00000, 0x0000000604c00000| Untracked 
|   7|0x0000000604e00000, 0x0000000604e00000, 0x0000000605000000|  0%| F|  |TAMS 0x0000000604e00000, 0x0000000604e00000| Untracked 
|   8|0x0000000605000000, 0x0000000605000000, 0x0000000605200000|  0%| F|  |TAMS 0x0000000605000000, 0x0000000605000000| Untracked 
|   9|0x0000000605200000, 0x0000000605200000, 0x0000000605400000|  0%| F|  |TAMS 0x0000000605200000, 0x0000000605200000| Untracked 
|  10|0x0000000605400000, 0x0000000605400000, 0x0000000605600000|  0%| F|  |TAMS 0x0000000605400000, 0x0000000605400000| Untracked 
|  11|0x0000000605600000, 0x0000000605600000, 0x0000000605800000|  0%| F|  |TAMS 0x0000000605600000, 0x0000000605600000| Untracked 
|  12|0x0000000605800000, 0x0000000605800000, 0x0000000605a00000|  0%| F|  |TAMS 0x0000000605800000, 0x0000000605800000| Untracked 
|  13|0x0000000605a00000, 0x0000000605a00000, 0x0000000605c00000|  0%| F|  |TAMS 0x0000000605a00000, 0x0000000605a00000| Untracked 
|  14|0x0000000605c00000, 0x0000000605c00000, 0x0000000605e00000|  0%| F|  |TAMS 0x0000000605c00000, 0x0000000605c00000| Untracked 
|  15|0x0000000605e00000, 0x0000000605e00000, 0x0000000606000000|  0%| F|  |TAMS 0x0000000605e00000, 0x0000000605e00000| Untracked 
|  16|0x0000000606000000, 0x0000000606000000, 0x0000000606200000|  0%| F|  |TAMS 0x0000000606000000, 0x0000000606000000| Untracked 
|  17|0x0000000606200000, 0x0000000606200000, 0x0000000606400000|  0%| F|  |TAMS 0x0000000606200000, 0x0000000606200000| Untracked 
|  18|0x0000000606400000, 0x0000000606400000, 0x0000000606600000|  0%| F|  |TAMS 0x0000000606400000, 0x0000000606400000| Untracked 
|  19|0x0000000606600000, 0x0000000606600000, 0x0000000606800000|  0%| F|  |TAMS 0x0000000606600000, 0x0000000606600000| Untracked 
|  20|0x0000000606800000, 0x0000000606800000, 0x0000000606a00000|  0%| F|  |TAMS 0x0000000606800000, 0x0000000606800000| Untracked 
|  21|0x0000000606a00000, 0x0000000606a00000, 0x0000000606c00000|  0%| F|  |TAMS 0x0000000606a00000, 0x0000000606a00000| Untracked 
|  22|0x0000000606c00000, 0x0000000606c00000, 0x0000000606e00000|  0%| F|  |TAMS 0x0000000606c00000, 0x0000000606c00000| Untracked 
|  23|0x0000000606e00000, 0x0000000606e00000, 0x0000000607000000|  0%| F|  |TAMS 0x0000000606e00000, 0x0000000606e00000| Untracked 
|  24|0x0000000607000000, 0x0000000607000000, 0x0000000607200000|  0%| F|  |TAMS 0x0000000607000000, 0x0000000607000000| Untracked 
|  25|0x0000000607200000, 0x0000000607200000, 0x0000000607400000|  0%| F|  |TAMS 0x0000000607200000, 0x0000000607200000| Untracked 
|  26|0x0000000607400000, 0x0000000607400000, 0x0000000607600000|  0%| F|  |TAMS 0x0000000607400000, 0x0000000607400000| Untracked 
|  27|0x0000000607600000, 0x0000000607600000, 0x0000000607800000|  0%| F|  |TAMS 0x0000000607600000, 0x0000000607600000| Untracked 
|  28|0x0000000607800000, 0x0000000607800000, 0x0000000607a00000|  0%| F|  |TAMS 0x0000000607800000, 0x0000000607800000| Untracked 
|  29|0x0000000607a00000, 0x0000000607a00000, 0x0000000607c00000|  0%| F|  |TAMS 0x0000000607a00000, 0x0000000607a00000| Untracked 
|  30|0x0000000607c00000, 0x0000000607c00000, 0x0000000607e00000|  0%| F|  |TAMS 0x0000000607c00000, 0x0000000607c00000| Untracked 
|  31|0x0000000607e00000, 0x0000000607e00000, 0x0000000608000000|  0%| F|  |TAMS 0x0000000607e00000, 0x0000000607e00000| Untracked 
|  32|0x0000000608000000, 0x0000000608000000, 0x0000000608200000|  0%| F|  |TAMS 0x0000000608000000, 0x0000000608000000| Untracked 
|  33|0x0000000608200000, 0x0000000608200000, 0x0000000608400000|  0%| F|  |TAMS 0x0000000608200000, 0x0000000608200000| Untracked 
|  34|0x0000000608400000, 0x0000000608400000, 0x0000000608600000|  0%| F|  |TAMS 0x0000000608400000, 0x0000000608400000| Untracked 
|  35|0x0000000608600000, 0x0000000608600000, 0x0000000608800000|  0%| F|  |TAMS 0x0000000608600000, 0x0000000608600000| Untracked 
|  36|0x0000000608800000, 0x0000000608800000, 0x0000000608a00000|  0%| F|  |TAMS 0x0000000608800000, 0x0000000608800000| Untracked 
|  37|0x0000000608a00000, 0x0000000608a00000, 0x0000000608c00000|  0%| F|  |TAMS 0x0000000608a00000, 0x0000000608a00000| Untracked 
|  38|0x0000000608c00000, 0x0000000608c00000, 0x0000000608e00000|  0%| F|  |TAMS 0x0000000608c00000, 0x0000000608c00000| Untracked 
|  39|0x0000000608e00000, 0x0000000608e00000, 0x0000000609000000|  0%| F|  |TAMS 0x0000000608e00000, 0x0000000608e00000| Untracked 
|  40|0x0000000609000000, 0x0000000609000000, 0x0000000609200000|  0%| F|  |TAMS 0x0000000609000000, 0x0000000609000000| Untracked 
|  41|0x0000000609200000, 0x0000000609200000, 0x0000000609400000|  0%| F|  |TAMS 0x0000000609200000, 0x0000000609200000| Untracked 
|  42|0x0000000609400000, 0x0000000609400000, 0x0000000609600000|  0%| F|  |TAMS 0x0000000609400000, 0x0000000609400000| Untracked 
|  43|0x0000000609600000, 0x0000000609600000, 0x0000000609800000|  0%| F|  |TAMS 0x0000000609600000, 0x0000000609600000| Untracked 
|  44|0x0000000609800000, 0x0000000609800000, 0x0000000609a00000|  0%| F|  |TAMS 0x0000000609800000, 0x0000000609800000| Untracked 
|  45|0x0000000609a00000, 0x0000000609a00000, 0x0000000609c00000|  0%| F|  |TAMS 0x0000000609a00000, 0x0000000609a00000| Untracked 
|  46|0x0000000609c00000, 0x0000000609c00000, 0x0000000609e00000|  0%| F|  |TAMS 0x0000000609c00000, 0x0000000609c00000| Untracked 
|  47|0x0000000609e00000, 0x0000000609e00000, 0x000000060a000000|  0%| F|  |TAMS 0x0000000609e00000, 0x0000000609e00000| Untracked 
|  48|0x000000060a000000, 0x000000060a000000, 0x000000060a200000|  0%| F|  |TAMS 0x000000060a000000, 0x000000060a000000| Untracked 
|  49|0x000000060a200000, 0x000000060a200000, 0x000000060a400000|  0%| F|  |TAMS 0x000000060a200000, 0x000000060a200000| Untracked 
|  50|0x000000060a400000, 0x000000060a400000, 0x000000060a600000|  0%| F|  |TAMS 0x000000060a400000, 0x000000060a400000| Untracked 
|  51|0x000000060a600000, 0x000000060a600000, 0x000000060a800000|  0%| F|  |TAMS 0x000000060a600000, 0x000000060a600000| Untracked 
|  52|0x000000060a800000, 0x000000060a800000, 0x000000060aa00000|  0%| F|  |TAMS 0x000000060a800000, 0x000000060a800000| Untracked 
|  53|0x000000060aa00000, 0x000000060aa00000, 0x000000060ac00000|  0%| F|  |TAMS 0x000000060aa00000, 0x000000060aa00000| Untracked 
|  54|0x000000060ac00000, 0x000000060ac00000, 0x000000060ae00000|  0%| F|  |TAMS 0x000000060ac00000, 0x000000060ac00000| Untracked 
|  55|0x000000060ae00000, 0x000000060ae00000, 0x000000060b000000|  0%| F|  |TAMS 0x000000060ae00000, 0x000000060ae00000| Untracked 
|  56|0x000000060b000000, 0x000000060b000000, 0x000000060b200000|  0%| F|  |TAMS 0x000000060b000000, 0x000000060b000000| Untracked 
|  57|0x000000060b200000, 0x000000060b200000, 0x000000060b400000|  0%| F|  |TAMS 0x000000060b200000, 0x000000060b200000| Untracked 
|  58|0x000000060b400000, 0x000000060b400000, 0x000000060b600000|  0%| F|  |TAMS 0x000000060b400000, 0x000000060b400000| Untracked 
|  59|0x000000060b600000, 0x000000060b600000, 0x000000060b800000|  0%| F|  |TAMS 0x000000060b600000, 0x000000060b600000| Untracked 
|  60|0x000000060b800000, 0x000000060b800000, 0x000000060ba00000|  0%| F|  |TAMS 0x000000060b800000, 0x000000060b800000| Untracked 
|  61|0x000000060ba00000, 0x000000060ba00000, 0x000000060bc00000|  0%| F|  |TAMS 0x000000060ba00000, 0x000000060ba00000| Untracked 
|  62|0x000000060bc00000, 0x000000060bc00000, 0x000000060be00000|  0%| F|  |TAMS 0x000000060bc00000, 0x000000060bc00000| Untracked 
|  63|0x000000060be00000, 0x000000060be00000, 0x000000060c000000|  0%| F|  |TAMS 0x000000060be00000, 0x000000060be00000| Untracked 
|  64|0x000000060c000000, 0x000000060c000000, 0x000000060c200000|  0%| F|  |TAMS 0x000000060c000000, 0x000000060c000000| Untracked 
|  65|0x000000060c200000, 0x000000060c200000, 0x000000060c400000|  0%| F|  |TAMS 0x000000060c200000, 0x000000060c200000| Untracked 
|  66|0x000000060c400000, 0x000000060c400000, 0x000000060c600000|  0%| F|  |TAMS 0x000000060c400000, 0x000000060c400000| Untracked 
|  67|0x000000060c600000, 0x000000060c600000, 0x000000060c800000|  0%| F|  |TAMS 0x000000060c600000, 0x000000060c600000| Untracked 
|  68|0x000000060c800000, 0x000000060c800000, 0x000000060ca00000|  0%| F|  |TAMS 0x000000060c800000, 0x000000060c800000| Untracked 
|  69|0x000000060ca00000, 0x000000060ca00000, 0x000000060cc00000|  0%| F|  |TAMS 0x000000060ca00000, 0x000000060ca00000| Untracked 
|  70|0x000000060cc00000, 0x000000060cc00000, 0x000000060ce00000|  0%| F|  |TAMS 0x000000060cc00000, 0x000000060cc00000| Untracked 
|  71|0x000000060ce00000, 0x000000060ce00000, 0x000000060d000000|  0%| F|  |TAMS 0x000000060ce00000, 0x000000060ce00000| Untracked 
|  72|0x000000060d000000, 0x000000060d000000, 0x000000060d200000|  0%| F|  |TAMS 0x000000060d000000, 0x000000060d000000| Untracked 
|  73|0x000000060d200000, 0x000000060d200000, 0x000000060d400000|  0%| F|  |TAMS 0x000000060d200000, 0x000000060d200000| Untracked 
|  74|0x000000060d400000, 0x000000060d400000, 0x000000060d600000|  0%| F|  |TAMS 0x000000060d400000, 0x000000060d400000| Untracked 
|  75|0x000000060d600000, 0x000000060d600000, 0x000000060d800000|  0%| F|  |TAMS 0x000000060d600000, 0x000000060d600000| Untracked 
|  76|0x000000060d800000, 0x000000060d800000, 0x000000060da00000|  0%| F|  |TAMS 0x000000060d800000, 0x000000060d800000| Untracked 
|  77|0x000000060da00000, 0x000000060da00000, 0x000000060dc00000|  0%| F|  |TAMS 0x000000060da00000, 0x000000060da00000| Untracked 
|  78|0x000000060dc00000, 0x000000060dc00000, 0x000000060de00000|  0%| F|  |TAMS 0x000000060dc00000, 0x000000060dc00000| Untracked 
|  79|0x000000060de00000, 0x000000060de00000, 0x000000060e000000|  0%| F|  |TAMS 0x000000060de00000, 0x000000060de00000| Untracked 
|  80|0x000000060e000000, 0x000000060e000000, 0x000000060e200000|  0%| F|  |TAMS 0x000000060e000000, 0x000000060e000000| Untracked 
|  81|0x000000060e200000, 0x000000060e200000, 0x000000060e400000|  0%| F|  |TAMS 0x000000060e200000, 0x000000060e200000| Untracked 
|  82|0x000000060e400000, 0x000000060e400000, 0x000000060e600000|  0%| F|  |TAMS 0x000000060e400000, 0x000000060e400000| Untracked 
|  83|0x000000060e600000, 0x000000060e600000, 0x000000060e800000|  0%| F|  |TAMS 0x000000060e600000, 0x000000060e600000| Untracked 
|  84|0x000000060e800000, 0x000000060e800000, 0x000000060ea00000|  0%| F|  |TAMS 0x000000060e800000, 0x000000060e800000| Untracked 
|  85|0x000000060ea00000, 0x000000060ea00000, 0x000000060ec00000|  0%| F|  |TAMS 0x000000060ea00000, 0x000000060ea00000| Untracked 
|  86|0x000000060ec00000, 0x000000060ec00000, 0x000000060ee00000|  0%| F|  |TAMS 0x000000060ec00000, 0x000000060ec00000| Untracked 
|  87|0x000000060ee00000, 0x000000060ee00000, 0x000000060f000000|  0%| F|  |TAMS 0x000000060ee00000, 0x000000060ee00000| Untracked 
|  88|0x000000060f000000, 0x000000060f000000, 0x000000060f200000|  0%| F|  |TAMS 0x000000060f000000, 0x000000060f000000| Untracked 
|  89|0x000000060f200000, 0x000000060f200000, 0x000000060f400000|  0%| F|  |TAMS 0x000000060f200000, 0x000000060f200000| Untracked 
|  90|0x000000060f400000, 0x000000060f400000, 0x000000060f600000|  0%| F|  |TAMS 0x000000060f400000, 0x000000060f400000| Untracked 
|  91|0x000000060f600000, 0x000000060f600000, 0x000000060f800000|  0%| F|  |TAMS 0x000000060f600000, 0x000000060f600000| Untracked 
|  92|0x000000060f800000, 0x000000060f800000, 0x000000060fa00000|  0%| F|  |TAMS 0x000000060f800000, 0x000000060f800000| Untracked 
|  93|0x000000060fa00000, 0x000000060fa00000, 0x000000060fc00000|  0%| F|  |TAMS 0x000000060fa00000, 0x000000060fa00000| Untracked 
|  94|0x000000060fc00000, 0x000000060fc00000, 0x000000060fe00000|  0%| F|  |TAMS 0x000000060fc00000, 0x000000060fc00000| Untracked 
|  95|0x000000060fe00000, 0x000000060fe00000, 0x0000000610000000|  0%| F|  |TAMS 0x000000060fe00000, 0x000000060fe00000| Untracked 
|  96|0x0000000610000000, 0x0000000610000000, 0x0000000610200000|  0%| F|  |TAMS 0x0000000610000000, 0x0000000610000000| Untracked 
|  97|0x0000000610200000, 0x0000000610200000, 0x0000000610400000|  0%| F|  |TAMS 0x0000000610200000, 0x0000000610200000| Untracked 
|  98|0x0000000610400000, 0x0000000610400000, 0x0000000610600000|  0%| F|  |TAMS 0x0000000610400000, 0x0000000610400000| Untracked 
|  99|0x0000000610600000, 0x0000000610600000, 0x0000000610800000|  0%| F|  |TAMS 0x0000000610600000, 0x0000000610600000| Untracked 
| 100|0x0000000610800000, 0x0000000610800000, 0x0000000610a00000|  0%| F|  |TAMS 0x0000000610800000, 0x0000000610800000| Untracked 
| 101|0x0000000610a00000, 0x0000000610a00000, 0x0000000610c00000|  0%| F|  |TAMS 0x0000000610a00000, 0x0000000610a00000| Untracked 
| 102|0x0000000610c00000, 0x0000000610c00000, 0x0000000610e00000|  0%| F|  |TAMS 0x0000000610c00000, 0x0000000610c00000| Untracked 
| 103|0x0000000610e00000, 0x0000000610e00000, 0x0000000611000000|  0%| F|  |TAMS 0x0000000610e00000, 0x0000000610e00000| Untracked 
| 104|0x0000000611000000, 0x0000000611000000, 0x0000000611200000|  0%| F|  |TAMS 0x0000000611000000, 0x0000000611000000| Untracked 
| 105|0x0000000611200000, 0x0000000611200000, 0x0000000611400000|  0%| F|  |TAMS 0x0000000611200000, 0x0000000611200000| Untracked 
| 106|0x0000000611400000, 0x0000000611400000, 0x0000000611600000|  0%| F|  |TAMS 0x0000000611400000, 0x0000000611400000| Untracked 
| 107|0x0000000611600000, 0x0000000611600000, 0x0000000611800000|  0%| F|  |TAMS 0x0000000611600000, 0x0000000611600000| Untracked 
| 108|0x0000000611800000, 0x0000000611800000, 0x0000000611a00000|  0%| F|  |TAMS 0x0000000611800000, 0x0000000611800000| Untracked 
| 109|0x0000000611a00000, 0x0000000611a00000, 0x0000000611c00000|  0%| F|  |TAMS 0x0000000611a00000, 0x0000000611a00000| Untracked 
| 110|0x0000000611c00000, 0x0000000611c00000, 0x0000000611e00000|  0%| F|  |TAMS 0x0000000611c00000, 0x0000000611c00000| Untracked 
| 111|0x0000000611e00000, 0x0000000611e00000, 0x0000000612000000|  0%| F|  |TAMS 0x0000000611e00000, 0x0000000611e00000| Untracked 
| 112|0x0000000612000000, 0x0000000612000000, 0x0000000612200000|  0%| F|  |TAMS 0x0000000612000000, 0x0000000612000000| Untracked 
| 113|0x0000000612200000, 0x0000000612200000, 0x0000000612400000|  0%| F|  |TAMS 0x0000000612200000, 0x0000000612200000| Untracked 
| 114|0x0000000612400000, 0x0000000612400000, 0x0000000612600000|  0%| F|  |TAMS 0x0000000612400000, 0x0000000612400000| Untracked 
| 115|0x0000000612600000, 0x0000000612600000, 0x0000000612800000|  0%| F|  |TAMS 0x0000000612600000, 0x0000000612600000| Untracked 
| 116|0x0000000612800000, 0x0000000612800000, 0x0000000612a00000|  0%| F|  |TAMS 0x0000000612800000, 0x0000000612800000| Untracked 
| 117|0x0000000612a00000, 0x0000000612a00000, 0x0000000612c00000|  0%| F|  |TAMS 0x0000000612a00000, 0x0000000612a00000| Untracked 
| 118|0x0000000612c00000, 0x0000000612c00000, 0x0000000612e00000|  0%| F|  |TAMS 0x0000000612c00000, 0x0000000612c00000| Untracked 
| 119|0x0000000612e00000, 0x0000000612e00000, 0x0000000613000000|  0%| F|  |TAMS 0x0000000612e00000, 0x0000000612e00000| Untracked 
| 120|0x0000000613000000, 0x0000000613000000, 0x0000000613200000|  0%| F|  |TAMS 0x0000000613000000, 0x0000000613000000| Untracked 
| 121|0x0000000613200000, 0x0000000613200000, 0x0000000613400000|  0%| F|  |TAMS 0x0000000613200000, 0x0000000613200000| Untracked 
| 122|0x0000000613400000, 0x0000000613400000, 0x0000000613600000|  0%| F|  |TAMS 0x0000000613400000, 0x0000000613400000| Untracked 
| 123|0x0000000613600000, 0x0000000613600000, 0x0000000613800000|  0%| F|  |TAMS 0x0000000613600000, 0x0000000613600000| Untracked 
| 124|0x0000000613800000, 0x0000000613800000, 0x0000000613a00000|  0%| F|  |TAMS 0x0000000613800000, 0x0000000613800000| Untracked 
| 125|0x0000000613a00000, 0x0000000613a00000, 0x0000000613c00000|  0%| F|  |TAMS 0x0000000613a00000, 0x0000000613a00000| Untracked 
| 126|0x0000000613c00000, 0x0000000613c00000, 0x0000000613e00000|  0%| F|  |TAMS 0x0000000613c00000, 0x0000000613c00000| Untracked 
| 127|0x0000000613e00000, 0x0000000613e00000, 0x0000000614000000|  0%| F|  |TAMS 0x0000000613e00000, 0x0000000613e00000| Untracked 
| 128|0x0000000614000000, 0x0000000614000000, 0x0000000614200000|  0%| F|  |TAMS 0x0000000614000000, 0x0000000614000000| Untracked 
| 129|0x0000000614200000, 0x0000000614200000, 0x0000000614400000|  0%| F|  |TAMS 0x0000000614200000, 0x0000000614200000| Untracked 
| 130|0x0000000614400000, 0x0000000614400000, 0x0000000614600000|  0%| F|  |TAMS 0x0000000614400000, 0x0000000614400000| Untracked 
| 131|0x0000000614600000, 0x0000000614600000, 0x0000000614800000|  0%| F|  |TAMS 0x0000000614600000, 0x0000000614600000| Untracked 
| 132|0x0000000614800000, 0x0000000614800000, 0x0000000614a00000|  0%| F|  |TAMS 0x0000000614800000, 0x0000000614800000| Untracked 
| 133|0x0000000614a00000, 0x0000000614a00000, 0x0000000614c00000|  0%| F|  |TAMS 0x0000000614a00000, 0x0000000614a00000| Untracked 
| 134|0x0000000614c00000, 0x0000000614c00000, 0x0000000614e00000|  0%| F|  |TAMS 0x0000000614c00000, 0x0000000614c00000| Untracked 
| 135|0x0000000614e00000, 0x0000000614e00000, 0x0000000615000000|  0%| F|  |TAMS 0x0000000614e00000, 0x0000000614e00000| Untracked 
| 136|0x0000000615000000, 0x0000000615000000, 0x0000000615200000|  0%| F|  |TAMS 0x0000000615000000, 0x0000000615000000| Untracked 
| 137|0x0000000615200000, 0x0000000615200000, 0x0000000615400000|  0%| F|  |TAMS 0x0000000615200000, 0x0000000615200000| Untracked 
| 138|0x0000000615400000, 0x0000000615400000, 0x0000000615600000|  0%| F|  |TAMS 0x0000000615400000, 0x0000000615400000| Untracked 
| 139|0x0000000615600000, 0x0000000615600000, 0x0000000615800000|  0%| F|  |TAMS 0x0000000615600000, 0x0000000615600000| Untracked 
| 140|0x0000000615800000, 0x0000000615800000, 0x0000000615a00000|  0%| F|  |TAMS 0x0000000615800000, 0x0000000615800000| Untracked 
| 141|0x0000000615a00000, 0x0000000615a00000, 0x0000000615c00000|  0%| F|  |TAMS 0x0000000615a00000, 0x0000000615a00000| Untracked 
| 142|0x0000000615c00000, 0x0000000615c00000, 0x0000000615e00000|  0%| F|  |TAMS 0x0000000615c00000, 0x0000000615c00000| Untracked 
| 143|0x0000000615e00000, 0x0000000615e00000, 0x0000000616000000|  0%| F|  |TAMS 0x0000000615e00000, 0x0000000615e00000| Untracked 
| 144|0x0000000616000000, 0x0000000616000000, 0x0000000616200000|  0%| F|  |TAMS 0x0000000616000000, 0x0000000616000000| Untracked 
| 145|0x0000000616200000, 0x0000000616200000, 0x0000000616400000|  0%| F|  |TAMS 0x0000000616200000, 0x0000000616200000| Untracked 
| 146|0x0000000616400000, 0x0000000616400000, 0x0000000616600000|  0%| F|  |TAMS 0x0000000616400000, 0x0000000616400000| Untracked 
| 147|0x0000000616600000, 0x0000000616600000, 0x0000000616800000|  0%| F|  |TAMS 0x0000000616600000, 0x0000000616600000| Untracked 
| 148|0x0000000616800000, 0x0000000616800000, 0x0000000616a00000|  0%| F|  |TAMS 0x0000000616800000, 0x0000000616800000| Untracked 
| 149|0x0000000616a00000, 0x0000000616a00000, 0x0000000616c00000|  0%| F|  |TAMS 0x0000000616a00000, 0x0000000616a00000| Untracked 
| 150|0x0000000616c00000, 0x0000000616c00000, 0x0000000616e00000|  0%| F|  |TAMS 0x0000000616c00000, 0x0000000616c00000| Untracked 
| 151|0x0000000616e00000, 0x0000000616e00000, 0x0000000617000000|  0%| F|  |TAMS 0x0000000616e00000, 0x0000000616e00000| Untracked 
| 152|0x0000000617000000, 0x0000000617000000, 0x0000000617200000|  0%| F|  |TAMS 0x0000000617000000, 0x0000000617000000| Untracked 
| 153|0x0000000617200000, 0x0000000617200000, 0x0000000617400000|  0%| F|  |TAMS 0x0000000617200000, 0x0000000617200000| Untracked 
| 154|0x0000000617400000, 0x0000000617400000, 0x0000000617600000|  0%| F|  |TAMS 0x0000000617400000, 0x0000000617400000| Untracked 
| 155|0x0000000617600000, 0x0000000617600000, 0x0000000617800000|  0%| F|  |TAMS 0x0000000617600000, 0x0000000617600000| Untracked 
| 156|0x0000000617800000, 0x0000000617800000, 0x0000000617a00000|  0%| F|  |TAMS 0x0000000617800000, 0x0000000617800000| Untracked 
| 157|0x0000000617a00000, 0x0000000617a00000, 0x0000000617c00000|  0%| F|  |TAMS 0x0000000617a00000, 0x0000000617a00000| Untracked 
| 158|0x0000000617c00000, 0x0000000617c00000, 0x0000000617e00000|  0%| F|  |TAMS 0x0000000617c00000, 0x0000000617c00000| Untracked 
| 159|0x0000000617e00000, 0x0000000617e00000, 0x0000000618000000|  0%| F|  |TAMS 0x0000000617e00000, 0x0000000617e00000| Untracked 
| 160|0x0000000618000000, 0x0000000618000000, 0x0000000618200000|  0%| F|  |TAMS 0x0000000618000000, 0x0000000618000000| Untracked 
| 161|0x0000000618200000, 0x0000000618200000, 0x0000000618400000|  0%| F|  |TAMS 0x0000000618200000, 0x0000000618200000| Untracked 
| 162|0x0000000618400000, 0x0000000618400000, 0x0000000618600000|  0%| F|  |TAMS 0x0000000618400000, 0x0000000618400000| Untracked 
| 163|0x0000000618600000, 0x0000000618600000, 0x0000000618800000|  0%| F|  |TAMS 0x0000000618600000, 0x0000000618600000| Untracked 
| 164|0x0000000618800000, 0x0000000618800000, 0x0000000618a00000|  0%| F|  |TAMS 0x0000000618800000, 0x0000000618800000| Untracked 
| 165|0x0000000618a00000, 0x0000000618a00000, 0x0000000618c00000|  0%| F|  |TAMS 0x0000000618a00000, 0x0000000618a00000| Untracked 
| 166|0x0000000618c00000, 0x0000000618c00000, 0x0000000618e00000|  0%| F|  |TAMS 0x0000000618c00000, 0x0000000618c00000| Untracked 
| 167|0x0000000618e00000, 0x0000000618e00000, 0x0000000619000000|  0%| F|  |TAMS 0x0000000618e00000, 0x0000000618e00000| Untracked 
| 168|0x0000000619000000, 0x0000000619000000, 0x0000000619200000|  0%| F|  |TAMS 0x0000000619000000, 0x0000000619000000| Untracked 
| 169|0x0000000619200000, 0x0000000619200000, 0x0000000619400000|  0%| F|  |TAMS 0x0000000619200000, 0x0000000619200000| Untracked 
| 170|0x0000000619400000, 0x0000000619400000, 0x0000000619600000|  0%| F|  |TAMS 0x0000000619400000, 0x0000000619400000| Untracked 
| 171|0x0000000619600000, 0x0000000619600000, 0x0000000619800000|  0%| F|  |TAMS 0x0000000619600000, 0x0000000619600000| Untracked 
| 172|0x0000000619800000, 0x0000000619800000, 0x0000000619a00000|  0%| F|  |TAMS 0x0000000619800000, 0x0000000619800000| Untracked 
| 173|0x0000000619a00000, 0x0000000619a00000, 0x0000000619c00000|  0%| F|  |TAMS 0x0000000619a00000, 0x0000000619a00000| Untracked 
| 174|0x0000000619c00000, 0x0000000619c00000, 0x0000000619e00000|  0%| F|  |TAMS 0x0000000619c00000, 0x0000000619c00000| Untracked 
| 175|0x0000000619e00000, 0x0000000619e00000, 0x000000061a000000|  0%| F|  |TAMS 0x0000000619e00000, 0x0000000619e00000| Untracked 
| 176|0x000000061a000000, 0x000000061a000000, 0x000000061a200000|  0%| F|  |TAMS 0x000000061a000000, 0x000000061a000000| Untracked 
| 177|0x000000061a200000, 0x000000061a200000, 0x000000061a400000|  0%| F|  |TAMS 0x000000061a200000, 0x000000061a200000| Untracked 
| 178|0x000000061a400000, 0x000000061a400000, 0x000000061a600000|  0%| F|  |TAMS 0x000000061a400000, 0x000000061a400000| Untracked 
| 179|0x000000061a600000, 0x000000061a600000, 0x000000061a800000|  0%| F|  |TAMS 0x000000061a600000, 0x000000061a600000| Untracked 
| 180|0x000000061a800000, 0x000000061a800000, 0x000000061aa00000|  0%| F|  |TAMS 0x000000061a800000, 0x000000061a800000| Untracked 
| 181|0x000000061aa00000, 0x000000061aa00000, 0x000000061ac00000|  0%| F|  |TAMS 0x000000061aa00000, 0x000000061aa00000| Untracked 
| 182|0x000000061ac00000, 0x000000061ac00000, 0x000000061ae00000|  0%| F|  |TAMS 0x000000061ac00000, 0x000000061ac00000| Untracked 
| 183|0x000000061ae00000, 0x000000061ae00000, 0x000000061b000000|  0%| F|  |TAMS 0x000000061ae00000, 0x000000061ae00000| Untracked 
| 184|0x000000061b000000, 0x000000061b000000, 0x000000061b200000|  0%| F|  |TAMS 0x000000061b000000, 0x000000061b000000| Untracked 
| 185|0x000000061b200000, 0x000000061b200000, 0x000000061b400000|  0%| F|  |TAMS 0x000000061b200000, 0x000000061b200000| Untracked 
| 186|0x000000061b400000, 0x000000061b400000, 0x000000061b600000|  0%| F|  |TAMS 0x000000061b400000, 0x000000061b400000| Untracked 
| 187|0x000000061b600000, 0x000000061b600000, 0x000000061b800000|  0%| F|  |TAMS 0x000000061b600000, 0x000000061b600000| Untracked 
| 188|0x000000061b800000, 0x000000061b800000, 0x000000061ba00000|  0%| F|  |TAMS 0x000000061b800000, 0x000000061b800000| Untracked 
| 189|0x000000061ba00000, 0x000000061ba00000, 0x000000061bc00000|  0%| F|  |TAMS 0x000000061ba00000, 0x000000061ba00000| Untracked 
| 190|0x000000061bc00000, 0x000000061bc00000, 0x000000061be00000|  0%| F|  |TAMS 0x000000061bc00000, 0x000000061bc00000| Untracked 
| 191|0x000000061be00000, 0x000000061be00000, 0x000000061c000000|  0%| F|  |TAMS 0x000000061be00000, 0x000000061be00000| Untracked 
| 192|0x000000061c000000, 0x000000061c000000, 0x000000061c200000|  0%| F|  |TAMS 0x000000061c000000, 0x000000061c000000| Untracked 
| 193|0x000000061c200000, 0x000000061c200000, 0x000000061c400000|  0%| F|  |TAMS 0x000000061c200000, 0x000000061c200000| Untracked 
| 194|0x000000061c400000, 0x000000061c400000, 0x000000061c600000|  0%| F|  |TAMS 0x000000061c400000, 0x000000061c400000| Untracked 
| 195|0x000000061c600000, 0x000000061c600000, 0x000000061c800000|  0%| F|  |TAMS 0x000000061c600000, 0x000000061c600000| Untracked 
| 196|0x000000061c800000, 0x000000061c800000, 0x000000061ca00000|  0%| F|  |TAMS 0x000000061c800000, 0x000000061c800000| Untracked 
| 197|0x000000061ca00000, 0x000000061ca00000, 0x000000061cc00000|  0%| F|  |TAMS 0x000000061ca00000, 0x000000061ca00000| Untracked 
| 198|0x000000061cc00000, 0x000000061cc00000, 0x000000061ce00000|  0%| F|  |TAMS 0x000000061cc00000, 0x000000061cc00000| Untracked 
| 199|0x000000061ce00000, 0x000000061ce00000, 0x000000061d000000|  0%| F|  |TAMS 0x000000061ce00000, 0x000000061ce00000| Untracked 
| 200|0x000000061d000000, 0x000000061d000000, 0x000000061d200000|  0%| F|  |TAMS 0x000000061d000000, 0x000000061d000000| Untracked 
| 201|0x000000061d200000, 0x000000061d200000, 0x000000061d400000|  0%| F|  |TAMS 0x000000061d200000, 0x000000061d200000| Untracked 
| 202|0x000000061d400000, 0x000000061d400000, 0x000000061d600000|  0%| F|  |TAMS 0x000000061d400000, 0x000000061d400000| Untracked 
| 203|0x000000061d600000, 0x000000061d600000, 0x000000061d800000|  0%| F|  |TAMS 0x000000061d600000, 0x000000061d600000| Untracked 
| 204|0x000000061d800000, 0x000000061d800000, 0x000000061da00000|  0%| F|  |TAMS 0x000000061d800000, 0x000000061d800000| Untracked 
| 205|0x000000061da00000, 0x000000061da00000, 0x000000061dc00000|  0%| F|  |TAMS 0x000000061da00000, 0x000000061da00000| Untracked 
| 206|0x000000061dc00000, 0x000000061dc00000, 0x000000061de00000|  0%| F|  |TAMS 0x000000061dc00000, 0x000000061dc00000| Untracked 
| 207|0x000000061de00000, 0x000000061de00000, 0x000000061e000000|  0%| F|  |TAMS 0x000000061de00000, 0x000000061de00000| Untracked 
| 208|0x000000061e000000, 0x000000061e000000, 0x000000061e200000|  0%| F|  |TAMS 0x000000061e000000, 0x000000061e000000| Untracked 
| 209|0x000000061e200000, 0x000000061e200000, 0x000000061e400000|  0%| F|  |TAMS 0x000000061e200000, 0x000000061e200000| Untracked 
| 210|0x000000061e400000, 0x000000061e400000, 0x000000061e600000|  0%| F|  |TAMS 0x000000061e400000, 0x000000061e400000| Untracked 
| 211|0x000000061e600000, 0x000000061e600000, 0x000000061e800000|  0%| F|  |TAMS 0x000000061e600000, 0x000000061e600000| Untracked 
| 212|0x000000061e800000, 0x000000061e800000, 0x000000061ea00000|  0%| F|  |TAMS 0x000000061e800000, 0x000000061e800000| Untracked 
| 213|0x000000061ea00000, 0x000000061ea00000, 0x000000061ec00000|  0%| F|  |TAMS 0x000000061ea00000, 0x000000061ea00000| Untracked 
| 214|0x000000061ec00000, 0x000000061ec00000, 0x000000061ee00000|  0%| F|  |TAMS 0x000000061ec00000, 0x000000061ec00000| Untracked 
| 215|0x000000061ee00000, 0x000000061ee00000, 0x000000061f000000|  0%| F|  |TAMS 0x000000061ee00000, 0x000000061ee00000| Untracked 
| 216|0x000000061f000000, 0x000000061f000000, 0x000000061f200000|  0%| F|  |TAMS 0x000000061f000000, 0x000000061f000000| Untracked 
| 217|0x000000061f200000, 0x000000061f200000, 0x000000061f400000|  0%| F|  |TAMS 0x000000061f200000, 0x000000061f200000| Untracked 
| 218|0x000000061f400000, 0x000000061f400000, 0x000000061f600000|  0%| F|  |TAMS 0x000000061f400000, 0x000000061f400000| Untracked 
| 219|0x000000061f600000, 0x000000061f600000, 0x000000061f800000|  0%| F|  |TAMS 0x000000061f600000, 0x000000061f600000| Untracked 
| 220|0x000000061f800000, 0x000000061f800000, 0x000000061fa00000|  0%| F|  |TAMS 0x000000061f800000, 0x000000061f800000| Untracked 
| 221|0x000000061fa00000, 0x000000061fa00000, 0x000000061fc00000|  0%| F|  |TAMS 0x000000061fa00000, 0x000000061fa00000| Untracked 
| 222|0x000000061fc00000, 0x000000061fc00000, 0x000000061fe00000|  0%| F|  |TAMS 0x000000061fc00000, 0x000000061fc00000| Untracked 
| 223|0x000000061fe00000, 0x000000061fe00000, 0x0000000620000000|  0%| F|  |TAMS 0x000000061fe00000, 0x000000061fe00000| Untracked 
| 224|0x0000000620000000, 0x0000000620000000, 0x0000000620200000|  0%| F|  |TAMS 0x0000000620000000, 0x0000000620000000| Untracked 
| 225|0x0000000620200000, 0x0000000620200000, 0x0000000620400000|  0%| F|  |TAMS 0x0000000620200000, 0x0000000620200000| Untracked 
| 226|0x0000000620400000, 0x0000000620400000, 0x0000000620600000|  0%| F|  |TAMS 0x0000000620400000, 0x0000000620400000| Untracked 
| 227|0x0000000620600000, 0x0000000620748638, 0x0000000620800000| 64%| E|  |TAMS 0x0000000620600000, 0x0000000620600000| Complete 
| 228|0x0000000620800000, 0x00000006209fed90, 0x0000000620a00000| 99%| E|  |TAMS 0x0000000620800000, 0x0000000620800000| Complete 
| 229|0x0000000620a00000, 0x0000000620c00000, 0x0000000620c00000|100%| E|CS|TAMS 0x0000000620a00000, 0x0000000620a00000| Complete 
| 230|0x0000000620c00000, 0x0000000620e00000, 0x0000000620e00000|100%| E|CS|TAMS 0x0000000620c00000, 0x0000000620c00000| Complete 
| 231|0x0000000620e00000, 0x0000000621000000, 0x0000000621000000|100%| E|CS|TAMS 0x0000000620e00000, 0x0000000620e00000| Complete 
| 232|0x0000000621000000, 0x0000000621200000, 0x0000000621200000|100%| E|CS|TAMS 0x0000000621000000, 0x0000000621000000| Complete 
| 233|0x0000000621200000, 0x0000000621400000, 0x0000000621400000|100%| E|CS|TAMS 0x0000000621200000, 0x0000000621200000| Complete 
| 234|0x0000000621400000, 0x0000000621600000, 0x0000000621600000|100%| E|CS|TAMS 0x0000000621400000, 0x0000000621400000| Complete 
| 235|0x0000000621600000, 0x0000000621800000, 0x0000000621800000|100%| E|CS|TAMS 0x0000000621600000, 0x0000000621600000| Complete 
| 236|0x0000000621800000, 0x0000000621a00000, 0x0000000621a00000|100%| E|CS|TAMS 0x0000000621800000, 0x0000000621800000| Complete 
| 237|0x0000000621a00000, 0x0000000621c00000, 0x0000000621c00000|100%| E|CS|TAMS 0x0000000621a00000, 0x0000000621a00000| Complete 
| 238|0x0000000621c00000, 0x0000000621e00000, 0x0000000621e00000|100%| E|CS|TAMS 0x0000000621c00000, 0x0000000621c00000| Complete 
| 239|0x0000000621e00000, 0x0000000622000000, 0x0000000622000000|100%| E|CS|TAMS 0x0000000621e00000, 0x0000000621e00000| Complete 
| 240|0x0000000622000000, 0x0000000622200000, 0x0000000622200000|100%| E|CS|TAMS 0x0000000622000000, 0x0000000622000000| Complete 
| 241|0x0000000622200000, 0x0000000622400000, 0x0000000622400000|100%| E|CS|TAMS 0x0000000622200000, 0x0000000622200000| Complete 
| 242|0x0000000622400000, 0x0000000622419f50, 0x0000000622600000|  5%| S|CS|TAMS 0x0000000622400000, 0x0000000622400000| Complete 
| 243|0x0000000622600000, 0x0000000622800000, 0x0000000622800000|100%| S|CS|TAMS 0x0000000622600000, 0x0000000622600000| Complete 
| 244|0x0000000622800000, 0x0000000622a00000, 0x0000000622a00000|100%| S|CS|TAMS 0x0000000622800000, 0x0000000622800000| Complete 
| 245|0x0000000622a00000, 0x0000000622c00000, 0x0000000622c00000|100%| S|CS|TAMS 0x0000000622a00000, 0x0000000622a00000| Complete 
| 246|0x0000000622c00000, 0x0000000622e00000, 0x0000000622e00000|100%| E|CS|TAMS 0x0000000622c00000, 0x0000000622c00000| Complete 
| 247|0x0000000622e00000, 0x0000000623000000, 0x0000000623000000|100%| E|CS|TAMS 0x0000000622e00000, 0x0000000622e00000| Complete 
| 248|0x0000000623000000, 0x0000000623200000, 0x0000000623200000|100%| E|CS|TAMS 0x0000000623000000, 0x0000000623000000| Complete 
| 249|0x0000000623200000, 0x0000000623400000, 0x0000000623400000|100%| E|CS|TAMS 0x0000000623200000, 0x0000000623200000| Complete 
| 250|0x0000000623400000, 0x0000000623600000, 0x0000000623600000|100%| E|CS|TAMS 0x0000000623400000, 0x0000000623400000| Complete 
| 251|0x0000000623600000, 0x0000000623800000, 0x0000000623800000|100%| E|CS|TAMS 0x0000000623600000, 0x0000000623600000| Complete 
| 252|0x0000000623800000, 0x0000000623a00000, 0x0000000623a00000|100%| E|CS|TAMS 0x0000000623800000, 0x0000000623800000| Complete 
| 253|0x0000000623a00000, 0x0000000623c00000, 0x0000000623c00000|100%| E|CS|TAMS 0x0000000623a00000, 0x0000000623a00000| Complete 

Card table byte_map: [0x0000024243510000,0x00000242444f0000] _byte_map_base: 0x00000242404f0000

Marking Bits (Prev, Next): (CMBitMap*) 0x000002422a3e7950, (CMBitMap*) 0x000002422a3e7918
 Prev Bits: [0x000002424d3d0000, 0x00000242552d0000)
 Next Bits: [0x00000242454d0000, 0x000002424d3d0000)

Polling page: 0x0000024228310000

Metaspace:

Usage:
  Non-class:     21.59 MB capacity,    21.29 MB ( 99%) used,   269.73 KB (  1%) free+waste,    40.25 KB ( <1%) overhead. 
      Class:      2.53 MB capacity,     2.40 MB ( 95%) used,   114.06 KB (  4%) free+waste,    17.25 KB ( <1%) overhead. 
       Both:     24.13 MB capacity,    23.70 MB ( 98%) used,   383.80 KB (  2%) free+waste,    57.50 KB ( <1%) overhead. 

Virtual space:
  Non-class space:       22.00 MB reserved,      21.67 MB ( 99%) committed 
      Class space:        1.00 GB reserved,       2.63 MB ( <1%) committed 
             Both:        1.02 GB reserved,      24.30 MB (  2%) committed 

Chunk freelists:
   Non-Class:  16.00 KB
       Class:  0 bytes
        Both:  16.00 KB

MaxMetaspaceSize: 17179869184.00 GB
CompressedClassSpaceSize: 1.00 GB
Initial GC threshold: 20.80 MB
Current GC threshold: 35.08 MB
CDS: off

CodeHeap 'non-profiled nmethods': size=119168Kb used=879Kb max_used=879Kb free=118288Kb
 bounds [0x000002423a630000, 0x000002423a8a0000, 0x0000024241a90000]
CodeHeap 'profiled nmethods': size=119168Kb used=5879Kb max_used=5879Kb free=113288Kb
 bounds [0x00000242331d0000, 0x0000024233790000, 0x000002423a630000]
CodeHeap 'non-nmethods': size=7424Kb used=2899Kb max_used=2934Kb free=4524Kb
 bounds [0x0000024232a90000, 0x0000024232d70000, 0x00000242331d0000]
 total_blobs=3240 nmethods=2762 adapters=387
 compilation: enabled
              stopped_count=0, restarted_count=0
 full_count=0

Compilation events (20 events):
Event: 1.121 Thread 0x000002425988c800 2708       3       java.lang.System$2::getAnnotationType (5 bytes)
Event: 1.121 Thread 0x000002425988d800 2709       3       sun.reflect.annotation.AnnotationParser::parseSig (61 bytes)
Event: 1.121 Thread 0x00000242591d7000 2710       3       sun.reflect.annotation.AnnotationParser::toClass (32 bytes)
Event: 1.122 Thread 0x000002425988c800 nmethod 2708 0x0000024233764a90 code [0x0000024233764c40, 0x0000024233764d58]
Event: 1.122 Thread 0x000002425988c800 2717       3       java.security.MessageDigest::digest (49 bytes)
Event: 1.122 Thread 0x000002425a7c3800 nmethod 2625 0x000002423a705410 code [0x000002423a7055a0, 0x000002423a7059b8]
Event: 1.122 Thread 0x000002425a7c3800 2656       4       java.util.Arrays::fill (21 bytes)
Event: 1.122 Thread 0x00000242591d7000 nmethod 2710 0x0000024233764e10 code [0x0000024233765060, 0x0000024233765be8]
Event: 1.122 Thread 0x00000242591d7000 2711       3       com.sun.xml.bind.v2.model.annotation.RuntimeInlineAnnotationReader::hasFieldAnnotation (10 bytes)
Event: 1.122 Thread 0x000002425904d800 nmethod 2707 0x0000024233765e10 code [0x0000024233766020, 0x0000024233766668]
Event: 1.122 Thread 0x000002425988c800 nmethod 2717 0x0000024233766910 code [0x0000024233766b00, 0x0000024233766ee8]
Event: 1.122 Thread 0x000002425988c800 2712       3       com.sun.xml.bind.v2.model.annotation.RuntimeInlineAnnotationReader::hasFieldAnnotation (6 bytes)
Event: 1.122 Thread 0x000002425904d800 2713       3       java.lang.reflect.Proxy::newProxyInstance (35 bytes)
Event: 1.123 Thread 0x000002425988d800 nmethod 2709 0x0000024233767090 code [0x0000024233767380, 0x0000024233768578]
Event: 1.123 Thread 0x000002425988d800 2714       3       java.lang.reflect.Proxy::getProxyConstructor (92 bytes)
Event: 1.123 Thread 0x000002425904d800 nmethod 2713 0x0000024233768b10 code [0x0000024233768d20, 0x00000242337690d8]
Event: 1.123 Thread 0x000002425904d800 2715   !   3       java.lang.reflect.Proxy::newProxyInstance (75 bytes)
Event: 1.123 Thread 0x00000242591d7000 nmethod 2711 0x0000024233769290 code [0x00000242337694e0, 0x0000024233769f28]
Event: 1.123 Thread 0x000002425988c800 nmethod 2712 0x000002423376a210 code [0x000002423376a460, 0x000002423376ad48]
Event: 1.123 Thread 0x00000242591d7000 2716       1       javax.crypto.spec.SecretKeySpec::getFormat (3 bytes)

GC Heap History (4 events):
Event: 0.485 GC heap before
{Heap before GC invocations=0 (full 0):
 garbage-first heap   total 520192K, used 22528K [0x0000000604000000, 0x0000000800000000)
  region size 2048K, 12 young (24576K), 0 survivors (0K)
 Metaspace       used 14855K, capacity 15127K, committed 15360K, reserved 1062912K
  class space    used 1379K, capacity 1510K, committed 1536K, reserved 1048576K
}
Event: 0.488 GC heap after
{Heap after GC invocations=1 (full 0):
 garbage-first heap   total 520192K, used 3790K [0x0000000604000000, 0x0000000800000000)
  region size 2048K, 2 young (4096K), 2 survivors (4096K)
 Metaspace       used 14855K, capacity 15127K, committed 15360K, reserved 1062912K
  class space    used 1379K, capacity 1510K, committed 1536K, reserved 1048576K
}
Event: 0.869 GC heap before
{Heap before GC invocations=1 (full 0):
 garbage-first heap   total 520192K, used 18126K [0x0000000604000000, 0x0000000800000000)
  region size 2048K, 10 young (20480K), 2 survivors (4096K)
 Metaspace       used 20896K, capacity 21182K, committed 21296K, reserved 1069056K
  class space    used 2024K, capacity 2138K, committed 2176K, reserved 1048576K
}
Event: 0.872 GC heap after
{Heap after GC invocations=2 (full 0):
 garbage-first heap   total 520192K, used 6247K [0x0000000604000000, 0x0000000800000000)
  region size 2048K, 4 young (8192K), 4 survivors (8192K)
 Metaspace       used 20896K, capacity 21182K, committed 21296K, reserved 1069056K
  class space    used 2024K, capacity 2138K, committed 2176K, reserved 1048576K
}

Deoptimization events (20 events):
Event: 1.119 Thread 0x000002425a5f1000 DEOPT PACKING pc=0x0000024233631fc7 sp=0x00000048789fdc20
Event: 1.119 Thread 0x000002425a5f1000 DEOPT UNPACKING pc=0x0000024232ada95e sp=0x00000048789fd0b8 mode 0
Event: 1.119 Thread 0x000002425a5ef000 DEOPT PACKING pc=0x0000024233631fc7 sp=0x00000048783fda30
Event: 1.119 Thread 0x000002425a5ef000 DEOPT UNPACKING pc=0x0000024232ada95e sp=0x00000048783fcec8 mode 0
Event: 1.119 Thread 0x000002425a5ea800 DEOPT PACKING pc=0x0000024233631fc7 sp=0x00000048787fdae0
Event: 1.120 Thread 0x000002425a5ea800 DEOPT UNPACKING pc=0x0000024232ada95e sp=0x00000048787fcf78 mode 0
Event: 1.120 Thread 0x000002425a5ed000 DEOPT PACKING pc=0x0000024233631fc7 sp=0x0000004878afde60
Event: 1.120 Thread 0x000002425a5ee800 DEOPT PACKING pc=0x0000024233631fc7 sp=0x00000048782fddb0
Event: 1.120 Thread 0x000002425a59d800 DEOPT PACKING pc=0x0000024233631d92 sp=0x00000048778fdb60
Event: 1.120 Thread 0x000002425a5ed000 DEOPT UNPACKING pc=0x0000024232ada95e sp=0x0000004878afd2f8 mode 0
Event: 1.120 Thread 0x000002425a5ed800 DEOPT PACKING pc=0x0000024233631d92 sp=0x00000048788fe050
Event: 1.120 Thread 0x000002425a59d800 DEOPT UNPACKING pc=0x0000024232ada95e sp=0x00000048778fcff8 mode 0
Event: 1.120 Thread 0x000002425a5ee800 DEOPT UNPACKING pc=0x0000024232ada95e sp=0x00000048782fd248 mode 0
Event: 1.120 Thread 0x000002425a5ed800 DEOPT UNPACKING pc=0x0000024232ada95e sp=0x00000048788fd4e8 mode 0
Event: 1.120 Thread 0x000002425a621800 DEOPT PACKING pc=0x0000024233631d92 sp=0x00000048779fdde0
Event: 1.120 Thread 0x000002425a621800 DEOPT UNPACKING pc=0x0000024232ada95e sp=0x00000048779fd278 mode 0
Event: 1.122 Thread 0x000002425a5ef000 DEOPT PACKING pc=0x00000242336ed6e0 sp=0x00000048783fdc00
Event: 1.122 Thread 0x000002425a5ef000 DEOPT UNPACKING pc=0x0000024232ada95e sp=0x00000048783fd088 mode 0
Event: 1.122 Thread 0x000002425a5ea800 DEOPT PACKING pc=0x00000242336ed6e0 sp=0x00000048787fdd90
Event: 1.122 Thread 0x000002425a5ea800 DEOPT UNPACKING pc=0x0000024232ada95e sp=0x00000048787fd228 mode 0

Classes redefined (0 events):
No events

Internal exceptions (20 events):
Event: 0.454 Thread 0x000002422a35b800 Exception <a 'sun/nio/fs/WindowsException'{0x00000006224c7d70}> (0x00000006224c7d70) thrown at [./src/hotspot/share/prims/jni.cpp, line 616]
Event: 0.455 Thread 0x000002422a35b800 Exception <a 'sun/nio/fs/WindowsException'{0x00000006224cf718}> (0x00000006224cf718) thrown at [./src/hotspot/share/prims/jni.cpp, line 616]
Event: 0.455 Thread 0x000002422a35b800 Exception <a 'sun/nio/fs/WindowsException'{0x00000006224cfac8}> (0x00000006224cfac8) thrown at [./src/hotspot/share/prims/jni.cpp, line 616]
Event: 0.455 Thread 0x000002422a35b800 Exception <a 'sun/nio/fs/WindowsException'{0x00000006224d0230}> (0x00000006224d0230) thrown at [./src/hotspot/share/prims/jni.cpp, line 616]
Event: 0.455 Thread 0x000002422a35b800 Exception <a 'sun/nio/fs/WindowsException'{0x00000006224d07a0}> (0x00000006224d07a0) thrown at [./src/hotspot/share/prims/jni.cpp, line 616]
Event: 0.463 Thread 0x000002422a35b800 Exception <a 'java/lang/NoSuchMethodError'{0x000000062254c158}: 'int java.lang.invoke.DirectMethodHandle$Holder.invokeSpecialIFC(java.lang.Object, java.lang.Object, int)'> (0x000000062254c158) thrown at [./src/hotspot/share/interpreter/linkResolver.cpp, line 773]
Event: 0.503 Thread 0x000002422a35b800 Exception <a 'java/lang/NoSuchMethodError'{0x0000000623a63380}: 'java.lang.Object java.lang.invoke.DirectMethodHandle$Holder.invokeStaticInit(java.lang.Object, int, int, int, int)'> (0x0000000623a63380) thrown at [./src/hotspot/share/interpreter/linkResolver.cpp, line 773]
Event: 0.504 Thread 0x000002422a35b800 Exception <a 'sun/nio/fs/WindowsException'{0x0000000623a69978}> (0x0000000623a69978) thrown at [./src/hotspot/share/prims/jni.cpp, line 616]
Event: 0.509 Thread 0x000002422a35b800 Exception <a 'java/lang/NoSuchMethodError'{0x0000000623a88690}: 'int java.lang.invoke.DirectMethodHandle$Holder.invokeStaticInit(java.lang.Object, java.lang.Object, java.lang.Object, java.lang.Object)'> (0x0000000623a88690) thrown at [./src/hotspot/share/interpreter/linkResolver.cpp, line 773]
Event: 0.509 Thread 0x000002422a35b800 Exception <a 'java/lang/IncompatibleClassChangeError'{0x0000000623a91900}: Found class java.lang.Object, but interface was expected> (0x0000000623a91900) thrown at [./src/hotspot/share/interpreter/linkResolver.cpp, line 839]
Event: 0.509 Thread 0x000002422a35b800 Exception <a 'java/lang/NoSuchMethodError'{0x0000000623a947f0}: 'void java.lang.invoke.DirectMethodHandle$Holder.invokeStaticInit(java.lang.Object, java.lang.Object)'> (0x0000000623a947f0) thrown at [./src/hotspot/share/interpreter/linkResolver.cpp, line 773]
Event: 0.509 Thread 0x000002422a35b800 Exception <a 'java/lang/NoSuchMethodError'{0x0000000623a99dc8}: 'int java.lang.invoke.DirectMethodHandle$Holder.invokeStaticInit(java.lang.Object, java.lang.Object)'> (0x0000000623a99dc8) thrown at [./src/hotspot/share/interpreter/linkResolver.cpp, line 773]
Event: 0.708 Thread 0x000002422a35b800 Exception <a 'java/lang/NoSuchMethodError'{0x00000006233bbe48}: 'java.lang.Object java.lang.invoke.DirectMethodHandle$Holder.invokeStaticInit(java.lang.Object, java.lang.Object, int, int, int, int)'> (0x00000006233bbe48) thrown at [./src/hotspot/share/interpreter/linkResolver.cpp, line 773]
Event: 0.915 Thread 0x000002422a35b800 Exception <a 'java/lang/NullPointerException'{0x00000006236555d8}> (0x00000006236555d8) thrown at [./src/hotspot/share/interpreter/linkResolver.cpp, line 1440]
Event: 0.981 Thread 0x000002422a35b800 Exception <a 'java/lang/NoSuchMethodError'{0x0000000622e50d48}: 'int java.lang.invoke.DirectMethodHandle$Holder.invokeStatic(java.lang.Object, java.lang.Object, int, java.lang.Object)'> (0x0000000622e50d48) thrown at [./src/hotspot/share/interpreter/linkResolver.cpp, line 773]
Event: 0.981 Thread 0x000002422a35b800 Exception <a 'java/lang/NoSuchMethodError'{0x0000000622e578b8}: 'java.lang.Object java.lang.invoke.Invokers$Holder.linkToTargetMethod(java.lang.Object, int, java.lang.Object)'> (0x0000000622e578b8) thrown at [./src/hotspot/share/interpreter/linkResolver.cpp, line 773]
Event: 0.990 Thread 0x000002422a35b800 Exception <a 'sun/nio/fs/WindowsException'{0x0000000622eb2938}> (0x0000000622eb2938) thrown at [./src/hotspot/share/prims/jni.cpp, line 616]
Event: 0.990 Thread 0x000002422a35b800 Exception <a 'java/lang/NoSuchMethodError'{0x0000000622eb3670}: 'int java.lang.invoke.DirectMethodHandle$Holder.invokeInterface(java.lang.Object, java.lang.Object)'> (0x0000000622eb3670) thrown at [./src/hotspot/share/interpreter/linkResolver.cpp, line 773]
Event: 0.992 Thread 0x000002422a35b800 Exception <a 'java/lang/NoSuchMethodError'{0x0000000622ebcc70}: 'void java.lang.invoke.DirectMethodHandle$Holder.invokeStatic(java.lang.Object, int, java.lang.Object)'> (0x0000000622ebcc70) thrown at [./src/hotspot/share/interpreter/linkResolver.cpp, line 773]
Event: 0.995 Thread 0x000002422a35b800 Exception <a 'java/lang/NoSuchMethodError'{0x0000000622ece880}: 'java.lang.Object java.lang.invoke.Invokers$Holder.linkToTargetMethod(java.lang.Object, java.lang.Object, java.lang.Object, java.lang.Object, java.lang.Object, java.lang.Object)'> (0x0000000622ece880) thrown at [./src/hotspot/share/interpreter/linkResolver.cpp, line 773]

Events (20 events):
Event: 1.122 Thread 0x000002425c207800 Thread added: 0x000002425c207800
Event: 1.123 Thread 0x000002425c203000 Thread added: 0x000002425c203000
Event: 1.123 Thread 0x000002425c208000 Thread added: 0x000002425c208000
Event: 1.123 Thread 0x000002425c20a000 Thread added: 0x000002425c20a000
Event: 1.123 Thread 0x000002425c20a800 Thread added: 0x000002425c20a800
Event: 1.123 Thread 0x000002425c205800 Thread added: 0x000002425c205800
Event: 1.123 Thread 0x000002425c205000 Thread added: 0x000002425c205000
Event: 1.123 Thread 0x000002425c20b800 Thread added: 0x000002425c20b800
Event: 1.123 Thread 0x000002425c20c000 Thread added: 0x000002425c20c000
Event: 1.124 Executing coalesced safepoint VM operation: RevokeBias
Event: 1.124 Executing coalesced safepoint VM operation: RevokeBias done
Event: 1.124 Executing coalesced safepoint VM operation: RevokeBias
Event: 1.124 Executing coalesced safepoint VM operation: RevokeBias done
Event: 1.124 Executing coalesced safepoint VM operation: RevokeBias
Event: 1.124 Executing coalesced safepoint VM operation: RevokeBias done
Event: 1.124 Executing coalesced safepoint VM operation: RevokeBias
Event: 1.124 Executing coalesced safepoint VM operation: RevokeBias done
Event: 1.124 Executing coalesced safepoint VM operation: RevokeBias
Event: 1.124 Executing coalesced safepoint VM operation: RevokeBias done
Event: 1.124 Executing coalesced safepoint VM operation: RevokeBias


Dynamic libraries:
0x00007ff75d1a0000 - 0x00007ff75d1ad000 	C:\Program Files\Unity\Hub\Editor\2023.2.2f1\Editor\Data\PlaybackEngines\AndroidPlayer\OpenJDK\bin\java.exe
0x00007ffe39050000 - 0x00007ffe39267000 	C:\WINDOWS\SYSTEM32\ntdll.dll
0x00007ffe380b0000 - 0x00007ffe38174000 	C:\WINDOWS\System32\KERNEL32.DLL
0x00007ffe368a0000 - 0x00007ffe36c45000 	C:\WINDOWS\System32\KERNELBASE.dll
0x00007ffe36660000 - 0x00007ffe36771000 	C:\WINDOWS\System32\ucrtbase.dll
0x00007ffd90950000 - 0x00007ffd90967000 	C:\Program Files\Unity\Hub\Editor\2023.2.2f1\Editor\Data\PlaybackEngines\AndroidPlayer\OpenJDK\bin\jli.dll
0x00007ffd90930000 - 0x00007ffd90945000 	C:\Program Files\Unity\Hub\Editor\2023.2.2f1\Editor\Data\PlaybackEngines\AndroidPlayer\OpenJDK\bin\VCRUNTIME140.dll
0x00007ffe37e50000 - 0x00007ffe37ffe000 	C:\WINDOWS\System32\USER32.dll
0x00007ffe36c50000 - 0x00007ffe36c76000 	C:\WINDOWS\System32\win32u.dll
0x00007ffe2ab10000 - 0x00007ffe2ada3000 	C:\WINDOWS\WinSxS\amd64_microsoft.windows.common-controls_6595b64144ccf1df_6.0.22621.2506_none_270c5ae97388e100\COMCTL32.dll
0x00007ffe38080000 - 0x00007ffe380a9000 	C:\WINDOWS\System32\GDI32.dll
0x00007ffe385d0000 - 0x00007ffe38677000 	C:\WINDOWS\System32\msvcrt.dll
0x00007ffe36c80000 - 0x00007ffe36d99000 	C:\WINDOWS\System32\gdi32full.dll
0x00007ffe36800000 - 0x00007ffe3689a000 	C:\WINDOWS\System32\msvcp_win.dll
0x00007ffe38260000 - 0x00007ffe38291000 	C:\WINDOWS\System32\IMM32.DLL
0x00007ffd90430000 - 0x00007ffd904cb000 	C:\Program Files\Unity\Hub\Editor\2023.2.2f1\Editor\Data\PlaybackEngines\AndroidPlayer\OpenJDK\bin\msvcp140.dll
0x00007ffd87140000 - 0x00007ffd87cc1000 	C:\Program Files\Unity\Hub\Editor\2023.2.2f1\Editor\Data\PlaybackEngines\AndroidPlayer\OpenJDK\bin\server\jvm.dll
0x00007ffe37600000 - 0x00007ffe376b1000 	C:\WINDOWS\System32\ADVAPI32.dll
0x00007ffe38680000 - 0x00007ffe38726000 	C:\WINDOWS\System32\sechost.dll
0x00007ffe38740000 - 0x00007ffe38857000 	C:\WINDOWS\System32\RPCRT4.dll
0x00007ffe38730000 - 0x00007ffe38738000 	C:\WINDOWS\System32\PSAPI.DLL
0x00007ffdf8650000 - 0x00007ffdf8659000 	C:\WINDOWS\SYSTEM32\WSOCK32.dll
0x00007ffe2d240000 - 0x00007ffe2d274000 	C:\WINDOWS\SYSTEM32\WINMM.dll
0x00007ffe2de00000 - 0x00007ffe2de0a000 	C:\WINDOWS\SYSTEM32\VERSION.dll
0x00007ffe37b30000 - 0x00007ffe37ba1000 	C:\WINDOWS\System32\WS2_32.dll
0x00007ffe35360000 - 0x00007ffe35378000 	C:\WINDOWS\SYSTEM32\kernel.appcore.dll
0x00007ffd9d840000 - 0x00007ffd9d850000 	C:\Program Files\Unity\Hub\Editor\2023.2.2f1\Editor\Data\PlaybackEngines\AndroidPlayer\OpenJDK\bin\verify.dll
0x00007ffe33bf0000 - 0x00007ffe33e23000 	C:\WINDOWS\SYSTEM32\DBGHELP.DLL
0x00007ffe376c0000 - 0x00007ffe37a49000 	C:\WINDOWS\System32\combase.dll
0x00007ffe38f30000 - 0x00007ffe39007000 	C:\WINDOWS\System32\OLEAUT32.dll
0x00007ffe13d10000 - 0x00007ffe13d42000 	C:\WINDOWS\SYSTEM32\dbgcore.DLL
0x00007ffe36780000 - 0x00007ffe367fa000 	C:\WINDOWS\System32\bcryptPrimitives.dll
0x00007ffd90900000 - 0x00007ffd90928000 	C:\Program Files\Unity\Hub\Editor\2023.2.2f1\Editor\Data\PlaybackEngines\AndroidPlayer\OpenJDK\bin\java.dll
0x00007ffd94530000 - 0x00007ffd9453a000 	C:\Program Files\Unity\Hub\Editor\2023.2.2f1\Editor\Data\PlaybackEngines\AndroidPlayer\OpenJDK\bin\jimage.dll
0x00007ffd908e0000 - 0x00007ffd908f8000 	C:\Program Files\Unity\Hub\Editor\2023.2.2f1\Editor\Data\PlaybackEngines\AndroidPlayer\OpenJDK\bin\zip.dll
0x00007ffe36da0000 - 0x00007ffe375f9000 	C:\WINDOWS\System32\SHELL32.dll
0x00007ffe342e0000 - 0x00007ffe34bd4000 	C:\WINDOWS\SYSTEM32\windows.storage.dll
0x00007ffe341a0000 - 0x00007ffe342de000 	C:\WINDOWS\SYSTEM32\wintypes.dll
0x00007ffe37bb0000 - 0x00007ffe37ca3000 	C:\WINDOWS\System32\SHCORE.dll
0x00007ffe38000000 - 0x00007ffe3805e000 	C:\WINDOWS\System32\shlwapi.dll
0x00007ffe362f0000 - 0x00007ffe36316000 	C:\WINDOWS\SYSTEM32\profapi.dll
0x00007ffd907e0000 - 0x00007ffd907f9000 	C:\Program Files\Unity\Hub\Editor\2023.2.2f1\Editor\Data\PlaybackEngines\AndroidPlayer\OpenJDK\bin\net.dll
0x00007ffe2fde0000 - 0x00007ffe2ff17000 	C:\WINDOWS\SYSTEM32\WINHTTP.dll
0x00007ffe35840000 - 0x00007ffe358a9000 	C:\WINDOWS\system32\mswsock.dll
0x00007ffd905e0000 - 0x00007ffd905f3000 	C:\Program Files\Unity\Hub\Editor\2023.2.2f1\Editor\Data\PlaybackEngines\AndroidPlayer\OpenJDK\bin\nio.dll
0x00007ffd90500000 - 0x00007ffd90525000 	C:\Program Files\Unity\Hub\Editor\2023.2.2f1\Editor\Data\PlaybackEngines\AndroidPlayer\OpenJDK\bin\sunec.dll
0x00007ffe35a90000 - 0x00007ffe35aab000 	C:\WINDOWS\SYSTEM32\CRYPTSP.dll
0x00007ffe35320000 - 0x00007ffe35355000 	C:\WINDOWS\system32\rsaenh.dll
0x00007ffe35930000 - 0x00007ffe3595c000 	C:\WINDOWS\SYSTEM32\USERENV.dll
0x00007ffe35d50000 - 0x00007ffe35d78000 	C:\WINDOWS\SYSTEM32\bcrypt.dll
0x00007ffe35ab0000 - 0x00007ffe35abc000 	C:\WINDOWS\SYSTEM32\CRYPTBASE.dll
0x00007ffe34e40000 - 0x00007ffe34e6d000 	C:\WINDOWS\SYSTEM32\IPHLPAPI.DLL
0x00007ffe382a0000 - 0x00007ffe382a9000 	C:\WINDOWS\System32\NSI.dll
0x00007ffe2fc50000 - 0x00007ffe2fc69000 	C:\WINDOWS\SYSTEM32\dhcpcsvc6.DLL
0x00007ffe2fc30000 - 0x00007ffe2fc4f000 	C:\WINDOWS\SYSTEM32\dhcpcsvc.DLL
0x00007ffe34eb0000 - 0x00007ffe34fa9000 	C:\WINDOWS\SYSTEM32\DNSAPI.dll
0x00007ffe301d0000 - 0x00007ffe301da000 	C:\Windows\System32\rasadhlp.dll
0x00007ffe2f520000 - 0x00007ffe2f5a3000 	C:\WINDOWS\System32\fwpuclnt.dll
0x00007ffd93730000 - 0x00007ffd9373e000 	C:\Program Files\Unity\Hub\Editor\2023.2.2f1\Editor\Data\PlaybackEngines\AndroidPlayer\OpenJDK\bin\sunmscapi.dll
0x00007ffe36480000 - 0x00007ffe365e6000 	C:\WINDOWS\System32\CRYPT32.dll
0x00007ffe35cd0000 - 0x00007ffe35cfd000 	C:\WINDOWS\SYSTEM32\ncrypt.dll
0x00007ffe35c90000 - 0x00007ffe35cc7000 	C:\WINDOWS\SYSTEM32\NTASN1.dll

dbghelp: loaded successfully - version: 4.0.5 - missing functions: none
symbol engine: initialized successfully - sym options: 0x614 - pdb path: .;C:\Program Files\Unity\Hub\Editor\2023.2.2f1\Editor\Data\PlaybackEngines\AndroidPlayer\OpenJDK\bin;C:\WINDOWS\SYSTEM32;C:\WINDOWS\WinSxS\amd64_microsoft.windows.common-controls_6595b64144ccf1df_6.0.22621.2506_none_270c5ae97388e100;C:\Program Files\Unity\Hub\Editor\2023.2.2f1\Editor\Data\PlaybackEngines\AndroidPlayer\OpenJDK\bin\server

VM Arguments:
jvm_args: -Dcom.android.sdklib.toolsdir=C:\Program Files\Unity\Hub\Editor\2023.2.2f1\Editor\Data\PlaybackEngines\AndroidPlayer\SDK\cmdline-tools\6.0\bin\\.. 
java_command: com.android.sdklib.tool.sdkmanager.SdkManagerCli --list
java_class_path (initial): C:\Program Files\Unity\Hub\Editor\2023.2.2f1\Editor\Data\PlaybackEngines\AndroidPlayer\SDK\cmdline-tools\6.0\bin\..\lib\sdkmanager-classpath.jar
Launcher Type: SUN_STANDARD

[Global flags]
     intx CICompilerCount                          = 12                                        {product} {ergonomic}
     uint ConcGCThreads                            = 4                                         {product} {ergonomic}
     uint G1ConcRefinementThreads                  = 15                                        {product} {ergonomic}
   size_t G1HeapRegionSize                         = 2097152                                   {product} {ergonomic}
    uintx GCDrainStackTargetSize                   = 64                                        {product} {ergonomic}
   size_t InitialHeapSize                          = 532676608                                 {product} {ergonomic}
   size_t MarkStackSize                            = 4194304                                   {product} {ergonomic}
   size_t MaxHeapSize                              = 8522825728                                {product} {ergonomic}
   size_t MaxNewSize                               = 5112856576                                {product} {ergonomic}
   size_t MinHeapDeltaBytes                        = 2097152                                   {product} {ergonomic}
    uintx NonNMethodCodeHeapSize                   = 7594288                                {pd product} {ergonomic}
    uintx NonProfiledCodeHeapSize                  = 122031976                              {pd product} {ergonomic}
    uintx ProfiledCodeHeapSize                     = 122031976                              {pd product} {ergonomic}
    uintx ReservedCodeCacheSize                    = 251658240                              {pd product} {ergonomic}
     bool SegmentedCodeCache                       = true                                      {product} {ergonomic}
     bool UseCompressedClassPointers               = true                                 {lp64_product} {ergonomic}
     bool UseCompressedOops                        = true                                 {lp64_product} {ergonomic}
     bool UseG1GC                                  = true                                      {product} {ergonomic}
     bool UseLargePagesIndividualAllocation        = false                                  {pd product} {ergonomic}

Logging:
Log output configuration:
 #0: stdout all=warning uptime,level,tags
 #1: stderr all=off uptime,level,tags

Environment Variables:
JAVA_HOME=C:\Program Files\Unity\Hub\Editor\2023.2.2f1\Editor\Data\PlaybackEngines\AndroidPlayer\OpenJDK
CLASSPATH=C:\Program Files\Unity\Hub\Editor\2023.2.2f1\Editor\Data\PlaybackEngines\AndroidPlayer\SDK\cmdline-tools\6.0\bin\..\lib\sdkmanager-classpath.jar
PATH=C:\Program Files\Python311\Scripts\;C:\Program Files\Python311\;C:\WINDOWS\system32;C:\WINDOWS;C:\WINDOWS\System32\Wbem;C:\WINDOWS\System32\WindowsPowerShell\v1.0\;C:\WINDOWS\System32\OpenSSH\;C:\Program Files\Go\bin;C:\Program Files (x86)\NVIDIA Corporation\PhysX\Common;C:\WINDOWS\system32;C:\WINDOWS;C:\WINDOWS\System32\Wbem;C:\WINDOWS\System32\WindowsPowerShell\v1.0\;C:\WINDOWS\System32\OpenSSH\;C:\Program Files\NVIDIA Corporation\NVIDIA NvDLISR;C:\Users\User\AppData\Local\Programs\Python\Python310\Scripts\;C:\Users\User\AppData\Local\Programs\Python\Python310\;C:\Users\User\AppData\Local\Microsoft\WindowsApps;;C:\Users\User\AppData\Local\Programs\Microsoft VS Code\bin;C:\Users\User\go\bin;C:\Program Files\heroku\bin
USERNAME=User
OS=Windows_NT
PROCESSOR_IDENTIFIER=Intel64 Family 6 Model 151 Stepping 2, GenuineIntel



---------------  S Y S T E M  ---------------

OS: Windows 11 , 64 bit Build 22621 (10.0.22621.2506)
OS uptime: 0 days 5:29 hours

CPU:total 20 (initial active 20) (10 cores per cpu, 2 threads per core) family 6 model 151 stepping 2 microcode 0x2c, cmov, cx8, fxsr, mmx, sse, sse2, sse3, ssse3, sse4.1, sse4.2, popcnt, avx, avx2, aes, clmul, erms, 3dnowpref, lzcnt, ht, tsc, tscinvbit, bmi1, bmi2, adx, sha, fma

Memory: 4k page, system-wide physical 32509M (13678M free)
TotalPageFile size 37468M (AvailPageFile size 7M)
current process WorkingSet (physical memory assigned to process): 176M, peak: 177M
current process commit charge ("private bytes"): 692M, peak: 695M

vm_info: OpenJDK 64-Bit Server VM (11.0.14.1+1) for windows-amd64 JRE (11.0.14.1+1), built on Feb  9 2022 01:48:27 by "" with unknown MS VC++:1916

END.
